1595810786914	mozrunner::runner	INFO	Running command: "/usr/bin/firefox" "-marionette" "-foreground" "-no-remote" "-profile" "/tmp/rust_mozprofileqXMIR3"
1595810788904	Marionette	INFO	Listening on port 34595
1595810788921	Marionette	WARN	TLS certificate errors will be ignored for this session
1595810825937	Marionette	INFO	Stopped listening on port 34595
1595810837954	mozrunner::runner	INFO	Running command: "/usr/bin/firefox" "-marionette" "-foreground" "-no-remote" "-profile" "/tmp/rust_mozprofilenddbWV"
1595810840030	Marionette	INFO	Listening on port 33469
1595810840063	Marionette	WARN	TLS certificate errors will be ignored for this session
1595810863091	Marionette	WARN	TimedPromise timed out after 500 ms: stacktrace:
TimedPromise/<@chrome://marionette/content/sync.js:245:13
TimedPromise@chrome://marionette/content/sync.js:230:10
interaction.flushEventLoop@chrome://marionette/content/interaction.js:416:10
webdriverClickElement@chrome://marionette/content/interaction.js:182:31
1595810867901	Marionette	INFO	Stopped listening on port 33469
1595810975577	mozrunner::runner	INFO	Running command: "/usr/bin/firefox" "-marionette" "-foreground" "-no-remote" "-profile" "/tmp/rust_mozprofile3lwpfx"
1595810977555	Marionette	INFO	Listening on port 44099
1595810977582	Marionette	WARN	TLS certificate errors will be ignored for this session
1595811005791	Marionette	WARN	TimedPromise timed out after 500 ms: stacktrace:
TimedPromise/<@chrome://marionette/content/sync.js:245:13
TimedPromise@chrome://marionette/content/sync.js:230:10
interaction.flushEventLoop@chrome://marionette/content/interaction.js:416:10
webdriverClickElement@chrome://marionette/content/interaction.js:182:31
1595811010594	Marionette	INFO	Stopped listening on port 44099

###!!! [Child][MessageChannel] Error: (msgtype=0x39012D,name=PContent::Msg_ScriptError) Channel closing: too late to send/recv, messages will be lost

